<?xml version="1.0" encoding="UTF-8"?>
<testsuite xmlns:xsi="http://www.w3.org/2001/XMLSchema-instance" xsi:noNamespaceSchemaLocation="https://maven.apache.org/surefire/maven-surefire-plugin/xsd/surefire-test-report.xsd" name="com.wayne.project.cardsTest.PaymentRemindersTest" time="0.076" tests="4" errors="0" skipped="0" failures="0">
  <properties/>
  <testcase name="Test4FetchPaymentReminderForCreditCard" classname="com.wayne.project.cardsTest.PaymentRemindersTest" time="0.03"/>
  <testcase name="Test2FetchPaymentReminderForDebitCard" classname="com.wayne.project.cardsTest.PaymentRemindersTest" time="0.004"/>
  <testcase name="Test3PaymentReminderForCreditCard" classname="com.wayne.project.cardsTest.PaymentRemindersTest" time="0.033"/>
  <testcase name="Test1PaymentReminderForDebitCard" classname="com.wayne.project.cardsTest.PaymentRemindersTest" time="0.001"/>
</testsuite>