<?xml version="1.0" encoding="UTF-8"?>
<testsuite xmlns:xsi="http://www.w3.org/2001/XMLSchema-instance" xsi:noNamespaceSchemaLocation="https://maven.apache.org/surefire/maven-surefire-plugin/xsd/surefire-test-report.xsd" name="com.wayne.project.cardsTest.AutoPayTest" time="0.029" tests="2" errors="0" skipped="0" failures="0">
  <properties/>
  <testcase name="Test2TriggerAutoPaymentFromCreditCard" classname="com.wayne.project.cardsTest.AutoPayTest" time="0.024"/>
  <testcase name="Test1AutoPaymentForUtilityBillsUsingCreditCard" classname="com.wayne.project.cardsTest.AutoPayTest" time="0.001"/>
</testsuite>