<?xml version="1.0" encoding="UTF-8"?>
<testsuite xmlns:xsi="http://www.w3.org/2001/XMLSchema-instance" xsi:noNamespaceSchemaLocation="https://maven.apache.org/surefire/maven-surefire-plugin/xsd/surefire-test-report.xsd" name="com.wayne.project.accountInformationTest.CustomerDetailsTest" time="0.033" tests="3" errors="0" skipped="0" failures="0">
  <properties/>
  <testcase name="updateEmailTest" classname="com.wayne.project.accountInformationTest.CustomerDetailsTest" time="0.027"/>
  <testcase name="updateSSNTest" classname="com.wayne.project.accountInformationTest.CustomerDetailsTest" time="0.002"/>
  <testcase name="updateAddressTest" classname="com.wayne.project.accountInformationTest.CustomerDetailsTest" time="0.002"/>
</testsuite>