<?xml version="1.0" encoding="UTF-8"?>
<testsuite xmlns:xsi="http://www.w3.org/2001/XMLSchema-instance" xsi:noNamespaceSchemaLocation="https://maven.apache.org/surefire/maven-surefire-plugin/xsd/surefire-test-report.xsd" name="com.wayne.project.utilityTest.ValidationsTest" time="0.044" tests="6" errors="0" skipped="0" failures="0">
  <properties/>
  <testcase name="validateContactTest" classname="com.wayne.project.utilityTest.ValidationsTest" time="0.022"/>
  <testcase name="validateEmailTest" classname="com.wayne.project.utilityTest.ValidationsTest" time="0.011"/>
  <testcase name="validateNameTest" classname="com.wayne.project.utilityTest.ValidationsTest" time="0.001"/>
  <testcase name="ValidateAccountNumberTest" classname="com.wayne.project.utilityTest.ValidationsTest" time="0.002"/>
  <testcase name="validateIFSCTest" classname="com.wayne.project.utilityTest.ValidationsTest" time="0.001"/>
  <testcase name="validatePasswordTest" classname="com.wayne.project.utilityTest.ValidationsTest" time="0.001"/>
</testsuite>