<?xml version="1.0" encoding="UTF-8"?>
<testsuite xmlns:xsi="http://www.w3.org/2001/XMLSchema-instance" xsi:noNamespaceSchemaLocation="https://maven.apache.org/surefire/maven-surefire-plugin/xsd/surefire-test-report.xsd" name="com.wayne.project.utilityTest.DateTimeTest" time="0.022" tests="3" errors="0" skipped="0" failures="0">
  <properties/>
  <testcase name="Test1FetchDateAndTime" classname="com.wayne.project.utilityTest.DateTimeTest" time="0.015"/>
  <testcase name="Test3FetchTime" classname="com.wayne.project.utilityTest.DateTimeTest" time="0.001"/>
  <testcase name="Test2FetchDate" classname="com.wayne.project.utilityTest.DateTimeTest" time="0.002"/>
</testsuite>