<?xml version="1.0" encoding="UTF-8"?>
<testsuite xmlns:xsi="http://www.w3.org/2001/XMLSchema-instance" xsi:noNamespaceSchemaLocation="https://maven.apache.org/surefire/maven-surefire-plugin/xsd/surefire-test-report.xsd" name="com.wayne.project.fundsTransferTest.BeneficiaryTest" time="0.043" tests="3" errors="0" skipped="0" failures="0">
  <properties/>
  <testcase name="removeBeneficiaryTest" classname="com.wayne.project.fundsTransferTest.BeneficiaryTest" time="0.032"/>
  <testcase name="addBeneficiaryTest" classname="com.wayne.project.fundsTransferTest.BeneficiaryTest" time="0.002"/>
  <testcase name="beneficiariesListTest" classname="com.wayne.project.fundsTransferTest.BeneficiaryTest" time="0.002"/>
</testsuite>