<?xml version="1.0" encoding="UTF-8"?>
<testsuite xmlns:xsi="http://www.w3.org/2001/XMLSchema-instance" xsi:noNamespaceSchemaLocation="https://maven.apache.org/surefire/maven-surefire-plugin/xsd/surefire-test-report.xsd" name="com.wayne.project.adminOperationsTest.AdminOperationsTest" time="0.05" tests="3" errors="0" skipped="0" failures="0">
  <properties/>
  <testcase name="approveLoanRequestTest" classname="com.wayne.project.adminOperationsTest.AdminOperationsTest" time="0.045"/>
  <testcase name="closeAccountTest" classname="com.wayne.project.adminOperationsTest.AdminOperationsTest" time="0.001"/>
  <testcase name="updateCustomerQueryTest" classname="com.wayne.project.adminOperationsTest.AdminOperationsTest" time="0.001"/>
</testsuite>